{"contracts/LiquidStakingSsym.sol":{"l":{"16":17,"20":3,"21":2,"25":4,"26":3,"27":3,"29":3,"30":3,"31":2,"33":1,"36":3,"37":3,"38":3,"42":2,"43":1,"44":1,"46":1,"48":1,"49":1,"50":1},"path":"/app/applet/contracts/LiquidStakingSsym.sol","s":{"1":3,"2":4,"3":3,"4":3,"5":3,"6":3,"7":3,"8":3,"9":3,"10":2,"11":1,"12":1,"13":1,"14":1,"15":1,"16":1},"b":{"1":[2,1],"2":[1,1],"3":[4,0],"4":[3,1],"5":[2,1],"6":[2,0],"7":[2,0],"8":[1,1]},"f":{"1":17,"2":3,"3":4,"4":2},"fnMap":{"1":{"name":"constructor","line":15,"loc":{"start":{"line":15,"column":4},"end":{"line":17,"column":4}}},"2":{"name":"updateZkProver","line":19,"loc":{"start":{"line":19,"column":4},"end":{"line":22,"column":4}}},"3":{"name":"stake","line":24,"loc":{"start":{"line":24,"column":4},"end":{"line":39,"column":4}}},"4":{"name":"unstake","line":41,"loc":{"start":{"line":41,"column":4},"end":{"line":51,"column":4}}}},"statementMap":{"1":{"start":{"line":20,"column":8},"end":{"line":20,"column":96}},"2":{"start":{"line":25,"column":8},"end":{"line":25,"column":59}},"3":{"start":{"line":26,"column":8},"end":{"line":26,"column":43}},"4":{"start":{"line":27,"column":8},"end":{"line":27,"column":60}},"5":{"start":{"line":29,"column":8},"end":{"line":29,"column":28}},"6":{"start":{"line":30,"column":8},"end":{"line":30,"column":1116}},"7":{"start":{"line":36,"column":8},"end":{"line":36,"column":63}},"8":{"start":{"line":37,"column":8},"end":{"line":37,"column":38}},"9":{"start":{"line":38,"column":8},"end":{"line":38,"column":53}},"10":{"start":{"line":42,"column":8},"end":{"line":42,"column":59}},"11":{"start":{"line":43,"column":8},"end":{"line":43,"column":43}},"12":{"start":{"line":44,"column":8},"end":{"line":44,"column":60}},"13":{"start":{"line":46,"column":8},"end":{"line":46,"column":63}},"14":{"start":{"line":48,"column":8},"end":{"line":48,"column":32}},"15":{"start":{"line":49,"column":8},"end":{"line":49,"column":49}},"16":{"start":{"line":50,"column":8},"end":{"line":50,"column":54}}},"branchMap":{"1":{"line":20,"type":"if","locations":[{"start":{"line":20,"column":8},"end":{"line":20,"column":8}},{"start":{"line":20,"column":8},"end":{"line":20,"column":8}}]},"2":{"line":20,"type":"cond-expr","locations":[{"start":{"line":20,"column":16},"end":{"line":20,"column":45}},{"start":{"line":20,"column":50},"end":{"line":20,"column":79}}]},"3":{"line":24,"type":"if","locations":[{"start":{"line":24,"column":44},"end":{"line":24,"column":44}},{"start":{"line":24,"column":44},"end":{"line":24,"column":44}}]},"4":{"line":25,"type":"if","locations":[{"start":{"line":25,"column":8},"end":{"line":25,"column":8}},{"start":{"line":25,"column":8},"end":{"line":25,"column":8}}]},"5":{"line":30,"type":"if","locations":[{"start":{"line":30,"column":8},"end":{"line":30,"column":8}},{"start":{"line":30,"column":8},"end":{"line":30,"column":8}}]},"6":{"line":30,"type":"cond-expr","locations":[{"start":{"line":30,"column":12},"end":{"line":30,"column":27}},{"start":{"line":30,"column":32},"end":{"line":30,"column":44}}]},"7":{"line":41,"type":"if","locations":[{"start":{"line":41,"column":46},"end":{"line":41,"column":46}},{"start":{"line":41,"column":46},"end":{"line":41,"column":46}}]},"8":{"line":42,"type":"if","locations":[{"start":{"line":42,"column":8},"end":{"line":42,"column":8}},{"start":{"line":42,"column":8},"end":{"line":42,"column":8}}]}}},"contracts/NashConsensusRegistry.sol":{"l":{"25":17,"29":4,"30":3,"31":2,"32":2,"39":2,"40":2,"44":2,"45":1,"46":1,"47":1,"48":1,"50":1,"54":1,"56":1,"57":1,"60":0,"61":0,"62":0,"63":0,"65":0,"69":0,"73":3,"74":3,"76":2,"77":2,"78":2,"79":2,"82":2,"83":2,"85":2},"path":"/app/applet/contracts/NashConsensusRegistry.sol","s":{"1":4,"2":3,"3":2,"4":2,"5":2,"6":1,"7":1,"8":1,"9":1,"10":1,"11":1,"12":1,"13":0,"14":0,"15":0,"16":0,"17":0,"18":3,"19":3,"20":2,"21":2,"22":2,"23":2},"b":{"1":[3,1],"2":[2,1],"3":[1,1],"4":[1,0],"5":[1,0],"6":[0,0],"7":[2,1]},"f":{"1":17,"2":4,"3":2,"4":3},"fnMap":{"1":{"name":"constructor","line":24,"loc":{"start":{"line":24,"column":4},"end":{"line":26,"column":4}}},"2":{"name":"registerValidator","line":28,"loc":{"start":{"line":28,"column":4},"end":{"line":41,"column":4}}},"3":{"name":"verifyFalconSignature","line":43,"loc":{"start":{"line":43,"column":4},"end":{"line":70,"column":4}}},"4":{"name":"triggerLazySlashing","line":72,"loc":{"start":{"line":72,"column":4},"end":{"line":86,"column":4}}}},"statementMap":{"1":{"start":{"line":29,"column":8},"end":{"line":29,"column":72}},"2":{"start":{"line":30,"column":8},"end":{"line":30,"column":69}},"3":{"start":{"line":31,"column":8},"end":{"line":31,"column":69}},"4":{"start":{"line":40,"column":8},"end":{"line":40,"column":58}},"5":{"start":{"line":44,"column":8},"end":{"line":44,"column":1601}},"6":{"start":{"line":45,"column":12},"end":{"line":45,"column":52}},"7":{"start":{"line":46,"column":12},"end":{"line":46,"column":84}},"8":{"start":{"line":47,"column":12},"end":{"line":47,"column":50}},"9":{"start":{"line":48,"column":12},"end":{"line":48,"column":27}},"10":{"start":{"line":54,"column":12},"end":{"line":54,"column":31}},"11":{"start":{"line":56,"column":8},"end":{"line":56,"column":2092}},"12":{"start":{"line":57,"column":12},"end":{"line":57,"column":23}},"13":{"start":{"line":60,"column":8},"end":{"line":60,"column":48}},"14":{"start":{"line":61,"column":8},"end":{"line":61,"column":80}},"15":{"start":{"line":62,"column":8},"end":{"line":62,"column":46}},"16":{"start":{"line":63,"column":8},"end":{"line":63,"column":23}},"17":{"start":{"line":69,"column":8},"end":{"line":69,"column":27}},"18":{"start":{"line":73,"column":8},"end":{"line":73,"column":56}},"19":{"start":{"line":74,"column":8},"end":{"line":74,"column":55}},"20":{"start":{"line":76,"column":8},"end":{"line":76,"column":72}},"21":{"start":{"line":82,"column":8},"end":{"line":82,"column":33}},"22":{"start":{"line":83,"column":8},"end":{"line":83,"column":52}},"23":{"start":{"line":85,"column":8},"end":{"line":85,"column":94}}},"branchMap":{"1":{"line":29,"type":"if","locations":[{"start":{"line":29,"column":8},"end":{"line":29,"column":8}},{"start":{"line":29,"column":8},"end":{"line":29,"column":8}}]},"2":{"line":30,"type":"if","locations":[{"start":{"line":30,"column":8},"end":{"line":30,"column":8}},{"start":{"line":30,"column":8},"end":{"line":30,"column":8}}]},"3":{"line":44,"type":"if","locations":[{"start":{"line":44,"column":8},"end":{"line":44,"column":8}},{"start":{"line":44,"column":8},"end":{"line":44,"column":8}}]},"4":{"line":56,"type":"if","locations":[{"start":{"line":56,"column":8},"end":{"line":56,"column":8}},{"start":{"line":56,"column":8},"end":{"line":56,"column":8}}]},"5":{"line":56,"type":"cond-expr","locations":[{"start":{"line":56,"column":12},"end":{"line":56,"column":33}},{"start":{"line":56,"column":38},"end":{"line":56,"column":58}}]},"6":{"line":56,"type":"cond-expr","locations":[{"start":{"line":56,"column":12},"end":{"line":56,"column":58}},{"start":{"line":56,"column":63},"end":{"line":56,"column":84}}]},"7":{"line":74,"type":"if","locations":[{"start":{"line":74,"column":8},"end":{"line":74,"column":8}},{"start":{"line":74,"column":8},"end":{"line":74,"column":8}}]}}},"contracts/SymbiosisToken.sol":{"l":{"37":23,"38":21,"42":17,"43":17,"44":17,"46":17,"47":17,"48":17,"49":17,"50":17,"51":17,"53":17,"54":17,"58":6,"59":6,"66":6,"67":6,"69":6,"70":6,"74":7,"75":7,"76":6,"78":5,"79":5,"81":5,"85":8,"86":8,"87":7,"88":6,"90":5,"92":5,"93":2,"94":2,"96":1,"98":1,"100":1,"103":4,"107":3,"108":2,"109":2,"110":2,"112":2,"113":2,"114":2},"path":"/app/applet/contracts/SymbiosisToken.sol","s":{"1":23,"2":17,"3":17,"4":17,"5":17,"6":17,"7":17,"8":17,"9":17,"10":6,"11":6,"12":6,"13":6,"14":6,"15":7,"16":7,"17":6,"18":5,"19":8,"20":8,"21":7,"22":6,"23":5,"24":2,"25":3,"26":2,"27":1,"28":4,"29":3,"30":2,"31":2,"32":2,"33":2,"34":2,"35":2},"b":{"1":[21,2],"2":[6,1],"3":[7,0],"4":[6,1],"5":[5,1],"6":[8,1],"7":[7,1],"8":[6,1],"9":[5,1],"10":[2,3],"11":[1,2],"12":[1,1],"13":[2,1],"14":[0,2],"15":[2,0]},"f":{"1":23,"2":17,"3":6,"4":7,"5":8,"6":3},"fnMap":{"1":{"name":"onlyGovernor","line":36,"loc":{"start":{"line":36,"column":4},"end":{"line":39,"column":4}}},"2":{"name":"constructor","line":41,"loc":{"start":{"line":41,"column":4},"end":{"line":55,"column":4}}},"3":{"name":"proposeAction","line":57,"loc":{"start":{"line":57,"column":4},"end":{"line":71,"column":4}}},"4":{"name":"voteProposal","line":73,"loc":{"start":{"line":73,"column":4},"end":{"line":82,"column":4}}},"5":{"name":"executeProposal","line":84,"loc":{"start":{"line":84,"column":4},"end":{"line":104,"column":4}}},"6":{"name":"recycleGas","line":106,"loc":{"start":{"line":106,"column":4},"end":{"line":115,"column":4}}}},"statementMap":{"1":{"start":{"line":37,"column":8},"end":{"line":37,"column":78}},"2":{"start":{"line":42,"column":8},"end":{"line":42,"column":33}},"3":{"start":{"line":43,"column":8},"end":{"line":43,"column":65}},"4":{"start":{"line":44,"column":8},"end":{"line":44,"column":65}},"5":{"start":{"line":46,"column":8},"end":{"line":46,"column":27}},"6":{"start":{"line":47,"column":8},"end":{"line":47,"column":27}},"7":{"start":{"line":48,"column":8},"end":{"line":48,"column":27}},"8":{"start":{"line":53,"column":8},"end":{"line":53,"column":47}},"9":{"start":{"line":54,"column":8},"end":{"line":54,"column":50}},"10":{"start":{"line":58,"column":8},"end":{"line":58,"column":54}},"11":{"start":{"line":59,"column":8},"end":{"line":59,"column":2127}},"12":{"start":{"line":66,"column":8},"end":{"line":66,"column":49}},"13":{"start":{"line":69,"column":8},"end":{"line":69,"column":67}},"14":{"start":{"line":70,"column":8},"end":{"line":70,"column":25}},"15":{"start":{"line":74,"column":8},"end":{"line":74,"column":53}},"16":{"start":{"line":75,"column":8},"end":{"line":75,"column":59}},"17":{"start":{"line":76,"column":8},"end":{"line":76,"column":83}},"18":{"start":{"line":81,"column":8},"end":{"line":81,"column":65}},"19":{"start":{"line":85,"column":8},"end":{"line":85,"column":53}},"20":{"start":{"line":86,"column":8},"end":{"line":86,"column":59}},"21":{"start":{"line":87,"column":8},"end":{"line":87,"column":77}},"22":{"start":{"line":88,"column":8},"end":{"line":88,"column":88}},"23":{"start":{"line":92,"column":8},"end":{"line":92,"column":3383}},"24":{"start":{"line":94,"column":12},"end":{"line":94,"column":61}},"25":{"start":{"line":95,"column":15},"end":{"line":95,"column":3598}},"26":{"start":{"line":97,"column":15},"end":{"line":97,"column":3751}},"27":{"start":{"line":100,"column":12},"end":{"line":100,"column":40}},"28":{"start":{"line":103,"column":8},"end":{"line":103,"column":78}},"29":{"start":{"line":107,"column":8},"end":{"line":107,"column":96}},"30":{"start":{"line":108,"column":8},"end":{"line":108,"column":80}},"31":{"start":{"line":109,"column":8},"end":{"line":109,"column":41}},"32":{"start":{"line":110,"column":8},"end":{"line":110,"column":62}},"33":{"start":{"line":112,"column":8},"end":{"line":112,"column":103}},"34":{"start":{"line":113,"column":8},"end":{"line":113,"column":56}},"35":{"start":{"line":114,"column":8},"end":{"line":114,"column":49}}},"branchMap":{"1":{"line":37,"type":"if","locations":[{"start":{"line":37,"column":8},"end":{"line":37,"column":8}},{"start":{"line":37,"column":8},"end":{"line":37,"column":8}}]},"2":{"line":57,"type":"if","locations":[{"start":{"line":57,"column":80},"end":{"line":57,"column":80}},{"start":{"line":57,"column":80},"end":{"line":57,"column":80}}]},"3":{"line":73,"type":"if","locations":[{"start":{"line":73,"column":55},"end":{"line":73,"column":55}},{"start":{"line":73,"column":55},"end":{"line":73,"column":55}}]},"4":{"line":75,"type":"if","locations":[{"start":{"line":75,"column":8},"end":{"line":75,"column":8}},{"start":{"line":75,"column":8},"end":{"line":75,"column":8}}]},"5":{"line":76,"type":"if","locations":[{"start":{"line":76,"column":8},"end":{"line":76,"column":8}},{"start":{"line":76,"column":8},"end":{"line":76,"column":8}}]},"6":{"line":84,"type":"if","locations":[{"start":{"line":84,"column":58},"end":{"line":84,"column":58}},{"start":{"line":84,"column":58},"end":{"line":84,"column":58}}]},"7":{"line":86,"type":"if","locations":[{"start":{"line":86,"column":8},"end":{"line":86,"column":8}},{"start":{"line":86,"column":8},"end":{"line":86,"column":8}}]},"8":{"line":87,"type":"if","locations":[{"start":{"line":87,"column":8},"end":{"line":87,"column":8}},{"start":{"line":87,"column":8},"end":{"line":87,"column":8}}]},"9":{"line":88,"type":"if","locations":[{"start":{"line":88,"column":8},"end":{"line":88,"column":8}},{"start":{"line":88,"column":8},"end":{"line":88,"column":8}}]},"10":{"line":92,"type":"if","locations":[{"start":{"line":92,"column":8},"end":{"line":92,"column":8}},{"start":{"line":92,"column":8},"end":{"line":92,"column":8}}]},"11":{"line":95,"type":"if","locations":[{"start":{"line":95,"column":15},"end":{"line":95,"column":15}},{"start":{"line":95,"column":15},"end":{"line":95,"column":15}}]},"12":{"line":97,"type":"if","locations":[{"start":{"line":97,"column":15},"end":{"line":97,"column":15}},{"start":{"line":97,"column":15},"end":{"line":97,"column":15}}]},"13":{"line":107,"type":"if","locations":[{"start":{"line":107,"column":8},"end":{"line":107,"column":8}},{"start":{"line":107,"column":8},"end":{"line":107,"column":8}}]},"14":{"line":110,"type":"if","locations":[{"start":{"line":110,"column":8},"end":{"line":110,"column":8}},{"start":{"line":110,"column":8},"end":{"line":110,"column":8}}]},"15":{"line":112,"type":"if","locations":[{"start":{"line":112,"column":8},"end":{"line":112,"column":8}},{"start":{"line":112,"column":8},"end":{"line":112,"column":8}}]}}}}