{"contracts/INashConsensusRegistry.sol":{"l":{},"path":"/app/applet/contracts/INashConsensusRegistry.sol","s":{},"b":{},"f":{},"fnMap":{},"statementMap":{},"branchMap":{}},"contracts/LiquidStakingSsym.sol":{"l":{"32":35,"37":3,"39":3,"43":2,"47":3,"48":2,"53":1,"58":1,"63":25,"64":25,"65":7,"66":6,"68":18,"73":20,"74":20,"75":0,"77":20,"82":24,"83":6,"84":5,"86":23,"87":23,"98":20,"99":20,"104":24,"105":23,"110":21,"111":19},"path":"/app/applet/contracts/LiquidStakingSsym.sol","s":{"1":35,"2":3,"3":3,"4":3,"5":1,"6":1,"7":25,"8":25,"9":7,"10":1,"11":6,"12":18,"13":20,"14":20,"15":0,"16":20,"17":24,"18":6,"19":5,"20":23,"21":23,"22":20,"23":20,"24":24,"25":23,"26":21,"27":19},"b":{"1":[35,0],"2":[3,0],"3":[2,1],"4":[1,1],"5":[2,1],"6":[1,1],"7":[1,0],"8":[7,18],"9":[1,6],"10":[0,20],"11":[24,0],"12":[6,18],"13":[5,1],"14":[20,0],"15":[25,0],"16":[24,1],"17":[23,1],"18":[21,0],"19":[21,0],"20":[19,2]},"f":{"1":35,"2":3,"3":3,"4":1,"5":1,"6":25,"7":20,"8":24,"9":20,"10":24,"11":21},"fnMap":{"1":{"name":"constructor","line":30,"loc":{"start":{"line":28,"column":4},"end":{"line":33,"column":4}}},"2":{"name":"updateZkProver","line":36,"loc":{"start":{"line":36,"column":4},"end":{"line":44,"column":4}}},"3":{"name":"onlyGovernor","line":46,"loc":{"start":{"line":46,"column":4},"end":{"line":49,"column":4}}},"4":{"name":"pause","line":52,"loc":{"start":{"line":52,"column":4},"end":{"line":54,"column":4}}},"5":{"name":"unpause","line":57,"loc":{"start":{"line":57,"column":4},"end":{"line":59,"column":4}}},"6":{"name":"_convertToShares","line":62,"loc":{"start":{"line":62,"column":4},"end":{"line":69,"column":4}}},"7":{"name":"_convertToAssets","line":72,"loc":{"start":{"line":72,"column":4},"end":{"line":78,"column":4}}},"8":{"name":"_deposit","line":81,"loc":{"start":{"line":81,"column":4},"end":{"line":88,"column":4}}},"9":{"name":"_withdraw","line":97,"loc":{"start":{"line":91,"column":4},"end":{"line":100,"column":4}}},"10":{"name":"stake","line":103,"loc":{"start":{"line":103,"column":4},"end":{"line":106,"column":4}}},"11":{"name":"unstake","line":109,"loc":{"start":{"line":109,"column":4},"end":{"line":112,"column":4}}}},"statementMap":{"1":{"start":{"line":32,"column":8},"end":{"line":32,"column":64}},"2":{"start":{"line":37,"column":8},"end":{"line":37,"column":57}},"3":{"start":{"line":39,"column":8},"end":{"line":39,"column":1813}},"4":{"start":{"line":47,"column":8},"end":{"line":47,"column":111}},"5":{"start":{"line":53,"column":8},"end":{"line":53,"column":15}},"6":{"start":{"line":58,"column":8},"end":{"line":58,"column":17}},"7":{"start":{"line":63,"column":8},"end":{"line":63,"column":43}},"8":{"start":{"line":64,"column":8},"end":{"line":64,"column":2753}},"9":{"start":{"line":65,"column":12},"end":{"line":65,"column":40}},"10":{"start":{"line":65,"column":32},"end":{"line":65,"column":40}},"11":{"start":{"line":66,"column":12},"end":{"line":66,"column":32}},"12":{"start":{"line":68,"column":8},"end":{"line":68,"column":66}},"13":{"start":{"line":73,"column":8},"end":{"line":73,"column":43}},"14":{"start":{"line":74,"column":8},"end":{"line":74,"column":3197}},"15":{"start":{"line":75,"column":12},"end":{"line":75,"column":32}},"16":{"start":{"line":77,"column":8},"end":{"line":77,"column":66}},"17":{"start":{"line":82,"column":8},"end":{"line":82,"column":3585}},"18":{"start":{"line":83,"column":12},"end":{"line":83,"column":68}},"19":{"start":{"line":84,"column":12},"end":{"line":84,"column":75}},"20":{"start":{"line":86,"column":8},"end":{"line":86,"column":55}},"21":{"start":{"line":87,"column":8},"end":{"line":87,"column":45}},"22":{"start":{"line":98,"column":8},"end":{"line":98,"column":63}},"23":{"start":{"line":99,"column":8},"end":{"line":99,"column":44}},"24":{"start":{"line":104,"column":8},"end":{"line":104,"column":59}},"25":{"start":{"line":105,"column":8},"end":{"line":105,"column":34}},"26":{"start":{"line":110,"column":8},"end":{"line":110,"column":59}},"27":{"start":{"line":111,"column":8},"end":{"line":111,"column":45}}},"branchMap":{"1":{"line":32,"type":"if","locations":[{"start":{"line":32,"column":8},"end":{"line":32,"column":8}},{"start":{"line":32,"column":8},"end":{"line":32,"column":8}}]},"2":{"line":37,"type":"if","locations":[{"start":{"line":37,"column":8},"end":{"line":37,"column":8}},{"start":{"line":37,"column":8},"end":{"line":37,"column":8}}]},"3":{"line":39,"type":"if","locations":[{"start":{"line":39,"column":8},"end":{"line":39,"column":8}},{"start":{"line":39,"column":8},"end":{"line":39,"column":8}}]},"4":{"line":40,"type":"cond-expr","locations":[{"start":{"line":40,"column":12},"end":{"line":40,"column":102}},{"start":{"line":40,"column":107},"end":{"line":40,"column":136}}]},"5":{"line":47,"type":"if","locations":[{"start":{"line":47,"column":8},"end":{"line":47,"column":8}},{"start":{"line":47,"column":8},"end":{"line":47,"column":8}}]},"6":{"line":52,"type":"if","locations":[{"start":{"line":52,"column":30},"end":{"line":52,"column":30}},{"start":{"line":52,"column":30},"end":{"line":52,"column":30}}]},"7":{"line":57,"type":"if","locations":[{"start":{"line":57,"column":32},"end":{"line":57,"column":32}},{"start":{"line":57,"column":32},"end":{"line":57,"column":32}}]},"8":{"line":64,"type":"if","locations":[{"start":{"line":64,"column":8},"end":{"line":64,"column":8}},{"start":{"line":64,"column":8},"end":{"line":64,"column":8}}]},"9":{"line":65,"type":"if","locations":[{"start":{"line":65,"column":12},"end":{"line":65,"column":12}},{"start":{"line":65,"column":12},"end":{"line":65,"column":12}}]},"10":{"line":74,"type":"if","locations":[{"start":{"line":74,"column":8},"end":{"line":74,"column":8}},{"start":{"line":74,"column":8},"end":{"line":74,"column":8}}]},"11":{"line":81,"type":"if","locations":[{"start":{"line":81,"column":106},"end":{"line":81,"column":106}},{"start":{"line":81,"column":106},"end":{"line":81,"column":106}}]},"12":{"line":82,"type":"if","locations":[{"start":{"line":82,"column":8},"end":{"line":82,"column":8}},{"start":{"line":82,"column":8},"end":{"line":82,"column":8}}]},"13":{"line":83,"type":"if","locations":[{"start":{"line":83,"column":12},"end":{"line":83,"column":12}},{"start":{"line":83,"column":12},"end":{"line":83,"column":12}}]},"14":{"line":97,"type":"if","locations":[{"start":{"line":97,"column":24},"end":{"line":97,"column":24}},{"start":{"line":97,"column":24},"end":{"line":97,"column":24}}]},"15":{"line":103,"type":"if","locations":[{"start":{"line":103,"column":44},"end":{"line":103,"column":44}},{"start":{"line":103,"column":44},"end":{"line":103,"column":44}}]},"16":{"line":103,"type":"if","locations":[{"start":{"line":103,"column":57},"end":{"line":103,"column":57}},{"start":{"line":103,"column":57},"end":{"line":103,"column":57}}]},"17":{"line":104,"type":"if","locations":[{"start":{"line":104,"column":8},"end":{"line":104,"column":8}},{"start":{"line":104,"column":8},"end":{"line":104,"column":8}}]},"18":{"line":109,"type":"if","locations":[{"start":{"line":109,"column":46},"end":{"line":109,"column":46}},{"start":{"line":109,"column":46},"end":{"line":109,"column":46}}]},"19":{"line":109,"type":"if","locations":[{"start":{"line":109,"column":59},"end":{"line":109,"column":59}},{"start":{"line":109,"column":59},"end":{"line":109,"column":59}}]},"20":{"line":110,"type":"if","locations":[{"start":{"line":110,"column":8},"end":{"line":110,"column":8}},{"start":{"line":110,"column":8},"end":{"line":110,"column":8}}]}}},"contracts/NashConsensusRegistry.sol":{"l":{"49":35,"50":35,"54":13,"55":12,"59":14,"65":14,"70":1,"74":1,"79":2,"80":0,"81":0,"86":1,"87":0,"88":0,"96":20,"97":19,"98":18,"101":18,"108":18,"111":18,"114":18,"123":14,"124":14,"129":14,"130":14,"131":0,"137":14,"139":14,"148":14,"149":0,"151":0,"153":0,"155":14,"168":8,"169":0,"170":0,"173":8,"174":8,"175":6,"177":6,"180":6,"184":6,"189":6,"191":6,"194":6,"195":6,"196":6,"199":6,"202":6,"203":6,"209":52,"210":52,"211":52,"212":52,"215":52,"216":52,"218":52,"219":52,"220":52,"225":3,"226":3,"228":3,"229":3,"230":3,"232":1,"233":1,"236":1,"241":1,"242":1,"247":2,"248":2,"249":2,"251":1,"252":1,"253":1,"256":1,"257":1,"258":1,"259":1,"260":1,"261":1,"263":1,"268":7,"269":7,"274":1,"275":1,"276":1,"277":1,"278":1,"279":0,"281":1},"path":"/app/applet/contracts/NashConsensusRegistry.sol","s":{"1":35,"2":13,"3":14,"4":1,"5":1,"6":2,"7":0,"8":1,"9":0,"10":20,"11":19,"12":18,"13":18,"14":18,"15":14,"16":14,"17":14,"18":14,"19":0,"20":14,"21":14,"22":0,"23":0,"24":0,"25":14,"26":8,"27":0,"28":0,"29":8,"30":8,"31":6,"32":6,"33":6,"34":6,"35":6,"36":6,"37":6,"38":52,"39":52,"40":52,"41":52,"42":52,"43":52,"44":3,"45":3,"46":3,"47":3,"48":3,"49":1,"50":1,"51":2,"52":2,"53":2,"54":1,"55":1,"56":1,"57":1,"58":7,"59":1,"60":1,"61":1,"62":1,"63":1},"b":{"1":[35,0],"2":[12,1],"3":[14,0],"4":[12,0],"5":[0,2],"6":[1,1],"7":[1,0],"8":[2,0],"9":[0,2],"10":[1,0],"11":[0,1],"12":[21,0],"13":[20,1],"14":[19,1],"15":[18,1],"16":[18,0],"17":[14,0],"18":[14,0],"19":[14,0],"20":[14,0],"21":[0,14],"22":[0,14],"23":[0,0],"24":[0,0],"25":[0,0],"26":[8,0],"27":[8,0],"28":[0,8],"29":[0,0],"30":[0,0],"31":[6,2],"32":[6,0],"33":[6,0],"34":[6,0],"35":[52,0],"36":[52,0],"37":[52,0],"38":[52,0],"39":[52,0],"40":[3,0],"41":[3,0],"42":[3,0],"43":[3,0],"44":[3,0],"45":[1,2],"46":[1,0],"47":[1,0],"48":[1,0],"49":[2,0],"50":[2,0],"51":[2,0],"52":[1,1],"53":[1,0],"54":[7,0],"55":[7,0],"56":[1,0],"57":[1,0],"58":[0,1]},"f":{"1":35,"2":13,"3":14,"4":1,"5":1,"6":2,"7":1,"8":20,"9":14,"10":8,"11":52,"12":3,"13":1,"14":2,"15":7,"16":1},"fnMap":{"1":{"name":"constructor","line":48,"loc":{"start":{"line":48,"column":4},"end":{"line":51,"column":4}}},"2":{"name":"onlyGovernor","line":53,"loc":{"start":{"line":53,"column":4},"end":{"line":56,"column":4}}},"3":{"name":"onlyAuthorizedVerifier","line":58,"loc":{"start":{"line":58,"column":4},"end":{"line":66,"column":4}}},"4":{"name":"pause","line":69,"loc":{"start":{"line":69,"column":4},"end":{"line":71,"column":4}}},"5":{"name":"unpause","line":73,"loc":{"start":{"line":73,"column":4},"end":{"line":75,"column":4}}},"6":{"name":"setSlashPenaltyPercent","line":78,"loc":{"start":{"line":78,"column":4},"end":{"line":82,"column":4}}},"7":{"name":"setUnbondingPeriod","line":85,"loc":{"start":{"line":85,"column":4},"end":{"line":89,"column":4}}},"8":{"name":"registerValidator","line":95,"loc":{"start":{"line":92,"column":4},"end":{"line":115,"column":4}}},"9":{"name":"verifyFalconSignature","line":122,"loc":{"start":{"line":118,"column":4},"end":{"line":156,"column":4}}},"10":{"name":"triggerLazySlashing","line":167,"loc":{"start":{"line":159,"column":4},"end":{"line":204,"column":4}}},"11":{"name":"submitBlockVerification","line":208,"loc":{"start":{"line":208,"column":4},"end":{"line":221,"column":4}}},"12":{"name":"claimValidatorRewards","line":224,"loc":{"start":{"line":224,"column":4},"end":{"line":237,"column":4}}},"13":{"name":"initiateValidatorExit","line":240,"loc":{"start":{"line":240,"column":4},"end":{"line":243,"column":4}}},"14":{"name":"withdrawValidatorStake","line":246,"loc":{"start":{"line":246,"column":4},"end":{"line":264,"column":4}}},"15":{"name":"setZkProverRegistry","line":267,"loc":{"start":{"line":267,"column":4},"end":{"line":270,"column":4}}},"16":{"name":"boostReputationWithZk","line":273,"loc":{"start":{"line":273,"column":4},"end":{"line":283,"column":4}}}},"statementMap":{"1":{"start":{"line":49,"column":8},"end":{"line":49,"column":64}},"2":{"start":{"line":54,"column":8},"end":{"line":54,"column":87}},"3":{"start":{"line":59,"column":8},"end":{"line":59,"column":2185}},"4":{"start":{"line":70,"column":8},"end":{"line":70,"column":15}},"5":{"start":{"line":74,"column":8},"end":{"line":74,"column":17}},"6":{"start":{"line":79,"column":8},"end":{"line":79,"column":81}},"7":{"start":{"line":81,"column":8},"end":{"line":81,"column":64}},"8":{"start":{"line":86,"column":8},"end":{"line":86,"column":93}},"9":{"start":{"line":88,"column":8},"end":{"line":88,"column":59}},"10":{"start":{"line":96,"column":8},"end":{"line":96,"column":74}},"11":{"start":{"line":97,"column":8},"end":{"line":97,"column":69}},"12":{"start":{"line":98,"column":8},"end":{"line":98,"column":78}},"13":{"start":{"line":111,"column":8},"end":{"line":111,"column":58}},"14":{"start":{"line":114,"column":8},"end":{"line":114,"column":90}},"15":{"start":{"line":123,"column":8},"end":{"line":123,"column":68}},"16":{"start":{"line":124,"column":8},"end":{"line":124,"column":4777}},"17":{"start":{"line":129,"column":8},"end":{"line":129,"column":64}},"18":{"start":{"line":130,"column":8},"end":{"line":130,"column":4999}},"19":{"start":{"line":131,"column":12},"end":{"line":131,"column":24}},"20":{"start":{"line":137,"column":8},"end":{"line":137,"column":20}},"21":{"start":{"line":148,"column":8},"end":{"line":148,"column":5765}},"22":{"start":{"line":149,"column":12},"end":{"line":149,"column":5797}},"23":{"start":{"line":151,"column":16},"end":{"line":151,"column":73}},"24":{"start":{"line":153,"column":12},"end":{"line":153,"column":76}},"25":{"start":{"line":155,"column":8},"end":{"line":155,"column":22}},"26":{"start":{"line":168,"column":8},"end":{"line":168,"column":6553}},"27":{"start":{"line":169,"column":12},"end":{"line":169,"column":82}},"28":{"start":{"line":170,"column":12},"end":{"line":170,"column":86}},"29":{"start":{"line":173,"column":8},"end":{"line":173,"column":56}},"30":{"start":{"line":174,"column":8},"end":{"line":174,"column":55}},"31":{"start":{"line":175,"column":8},"end":{"line":175,"column":59}},"32":{"start":{"line":180,"column":8},"end":{"line":180,"column":7075}},"33":{"start":{"line":184,"column":8},"end":{"line":184,"column":7202}},"34":{"start":{"line":191,"column":8},"end":{"line":191,"column":70}},"35":{"start":{"line":199,"column":8},"end":{"line":199,"column":94}},"36":{"start":{"line":202,"column":8},"end":{"line":202,"column":33}},"37":{"start":{"line":203,"column":8},"end":{"line":203,"column":73}},"38":{"start":{"line":209,"column":8},"end":{"line":209,"column":56}},"39":{"start":{"line":210,"column":8},"end":{"line":210,"column":57}},"40":{"start":{"line":211,"column":8},"end":{"line":211,"column":67}},"41":{"start":{"line":212,"column":8},"end":{"line":212,"column":53}},"42":{"start":{"line":215,"column":8},"end":{"line":215,"column":54}},"43":{"start":{"line":216,"column":8},"end":{"line":216,"column":58}},"44":{"start":{"line":225,"column":8},"end":{"line":225,"column":87}},"45":{"start":{"line":226,"column":8},"end":{"line":226,"column":88}},"46":{"start":{"line":228,"column":8},"end":{"line":228,"column":61}},"47":{"start":{"line":229,"column":8},"end":{"line":229,"column":66}},"48":{"start":{"line":230,"column":8},"end":{"line":230,"column":75}},"49":{"start":{"line":236,"column":8},"end":{"line":236,"column":63}},"50":{"start":{"line":241,"column":8},"end":{"line":241,"column":86}},"51":{"start":{"line":247,"column":8},"end":{"line":247,"column":46}},"52":{"start":{"line":248,"column":8},"end":{"line":248,"column":45}},"53":{"start":{"line":249,"column":8},"end":{"line":249,"column":65}},"54":{"start":{"line":251,"column":8},"end":{"line":251,"column":56}},"55":{"start":{"line":252,"column":8},"end":{"line":252,"column":44}},"56":{"start":{"line":253,"column":8},"end":{"line":253,"column":55}},"57":{"start":{"line":263,"column":8},"end":{"line":263,"column":70}},"58":{"start":{"line":268,"column":8},"end":{"line":268,"column":69}},"59":{"start":{"line":274,"column":8},"end":{"line":274,"column":98}},"60":{"start":{"line":275,"column":8},"end":{"line":275,"column":55}},"61":{"start":{"line":276,"column":8},"end":{"line":276,"column":11479}},"62":{"start":{"line":278,"column":12},"end":{"line":278,"column":11578}},"63":{"start":{"line":281,"column":12},"end":{"line":281,"column":59}}},"branchMap":{"1":{"line":49,"type":"if","locations":[{"start":{"line":49,"column":8},"end":{"line":49,"column":8}},{"start":{"line":49,"column":8},"end":{"line":49,"column":8}}]},"2":{"line":54,"type":"if","locations":[{"start":{"line":54,"column":8},"end":{"line":54,"column":8}},{"start":{"line":54,"column":8},"end":{"line":54,"column":8}}]},"3":{"line":59,"type":"if","locations":[{"start":{"line":59,"column":8},"end":{"line":59,"column":8}},{"start":{"line":59,"column":8},"end":{"line":59,"column":8}}]},"4":{"line":60,"type":"cond-expr","locations":[{"start":{"line":60,"column":12},"end":{"line":60,"column":28}},{"start":{"line":61,"column":12},"end":{"line":61,"column":50}}]},"5":{"line":60,"type":"cond-expr","locations":[{"start":{"line":60,"column":12},"end":{"line":61,"column":50}},{"start":{"line":62,"column":12},"end":{"line":62,"column":42}}]},"6":{"line":69,"type":"if","locations":[{"start":{"line":69,"column":30},"end":{"line":69,"column":30}},{"start":{"line":69,"column":30},"end":{"line":69,"column":30}}]},"7":{"line":73,"type":"if","locations":[{"start":{"line":73,"column":32},"end":{"line":73,"column":32}},{"start":{"line":73,"column":32},"end":{"line":73,"column":32}}]},"8":{"line":78,"type":"if","locations":[{"start":{"line":78,"column":65},"end":{"line":78,"column":65}},{"start":{"line":78,"column":65},"end":{"line":78,"column":65}}]},"9":{"line":79,"type":"if","locations":[{"start":{"line":79,"column":8},"end":{"line":79,"column":8}},{"start":{"line":79,"column":8},"end":{"line":79,"column":8}}]},"10":{"line":85,"type":"if","locations":[{"start":{"line":85,"column":60},"end":{"line":85,"column":60}},{"start":{"line":85,"column":60},"end":{"line":85,"column":60}}]},"11":{"line":86,"type":"if","locations":[{"start":{"line":86,"column":8},"end":{"line":86,"column":8}},{"start":{"line":86,"column":8},"end":{"line":86,"column":8}}]},"12":{"line":95,"type":"if","locations":[{"start":{"line":95,"column":15},"end":{"line":95,"column":15}},{"start":{"line":95,"column":15},"end":{"line":95,"column":15}}]},"13":{"line":95,"type":"if","locations":[{"start":{"line":95,"column":28},"end":{"line":95,"column":28}},{"start":{"line":95,"column":28},"end":{"line":95,"column":28}}]},"14":{"line":96,"type":"if","locations":[{"start":{"line":96,"column":8},"end":{"line":96,"column":8}},{"start":{"line":96,"column":8},"end":{"line":96,"column":8}}]},"15":{"line":97,"type":"if","locations":[{"start":{"line":97,"column":8},"end":{"line":97,"column":8}},{"start":{"line":97,"column":8},"end":{"line":97,"column":8}}]},"16":{"line":98,"type":"if","locations":[{"start":{"line":98,"column":8},"end":{"line":98,"column":8}},{"start":{"line":98,"column":8},"end":{"line":98,"column":8}}]},"17":{"line":122,"type":"if","locations":[{"start":{"line":122,"column":18},"end":{"line":122,"column":18}},{"start":{"line":122,"column":18},"end":{"line":122,"column":18}}]},"18":{"line":123,"type":"if","locations":[{"start":{"line":123,"column":8},"end":{"line":123,"column":8}},{"start":{"line":123,"column":8},"end":{"line":123,"column":8}}]},"19":{"line":124,"type":"if","locations":[{"start":{"line":124,"column":8},"end":{"line":124,"column":8}},{"start":{"line":124,"column":8},"end":{"line":124,"column":8}}]},"20":{"line":125,"type":"cond-expr","locations":[{"start":{"line":125,"column":12},"end":{"line":125,"column":33}},{"start":{"line":125,"column":38},"end":{"line":125,"column":59}}]},"21":{"line":130,"type":"if","locations":[{"start":{"line":130,"column":8},"end":{"line":130,"column":8}},{"start":{"line":130,"column":8},"end":{"line":130,"column":8}}]},"22":{"line":148,"type":"if","locations":[{"start":{"line":148,"column":8},"end":{"line":148,"column":8}},{"start":{"line":148,"column":8},"end":{"line":148,"column":8}}]},"23":{"line":149,"type":"if","locations":[{"start":{"line":149,"column":12},"end":{"line":149,"column":12}},{"start":{"line":149,"column":12},"end":{"line":149,"column":12}}]},"24":{"line":151,"type":"cond-expr","locations":[{"start":{"line":151,"column":24},"end":{"line":151,"column":45}},{"start":{"line":151,"column":50},"end":{"line":151,"column":71}}]},"25":{"line":153,"type":"if","locations":[{"start":{"line":153,"column":12},"end":{"line":153,"column":12}},{"start":{"line":153,"column":12},"end":{"line":153,"column":12}}]},"26":{"line":167,"type":"if","locations":[{"start":{"line":167,"column":15},"end":{"line":167,"column":15}},{"start":{"line":167,"column":15},"end":{"line":167,"column":15}}]},"27":{"line":167,"type":"if","locations":[{"start":{"line":167,"column":28},"end":{"line":167,"column":28}},{"start":{"line":167,"column":28},"end":{"line":167,"column":28}}]},"28":{"line":168,"type":"if","locations":[{"start":{"line":168,"column":8},"end":{"line":168,"column":8}},{"start":{"line":168,"column":8},"end":{"line":168,"column":8}}]},"29":{"line":169,"type":"if","locations":[{"start":{"line":169,"column":12},"end":{"line":169,"column":12}},{"start":{"line":169,"column":12},"end":{"line":169,"column":12}}]},"30":{"line":170,"type":"if","locations":[{"start":{"line":170,"column":12},"end":{"line":170,"column":12}},{"start":{"line":170,"column":12},"end":{"line":170,"column":12}}]},"31":{"line":174,"type":"if","locations":[{"start":{"line":174,"column":8},"end":{"line":174,"column":8}},{"start":{"line":174,"column":8},"end":{"line":174,"column":8}}]},"32":{"line":175,"type":"if","locations":[{"start":{"line":175,"column":8},"end":{"line":175,"column":8}},{"start":{"line":175,"column":8},"end":{"line":175,"column":8}}]},"33":{"line":180,"type":"if","locations":[{"start":{"line":180,"column":8},"end":{"line":180,"column":8}},{"start":{"line":180,"column":8},"end":{"line":180,"column":8}}]},"34":{"line":184,"type":"if","locations":[{"start":{"line":184,"column":8},"end":{"line":184,"column":8}},{"start":{"line":184,"column":8},"end":{"line":184,"column":8}}]},"35":{"line":208,"type":"if","locations":[{"start":{"line":208,"column":66},"end":{"line":208,"column":66}},{"start":{"line":208,"column":66},"end":{"line":208,"column":66}}]},"36":{"line":208,"type":"if","locations":[{"start":{"line":208,"column":79},"end":{"line":208,"column":79}},{"start":{"line":208,"column":79},"end":{"line":208,"column":79}}]},"37":{"line":210,"type":"if","locations":[{"start":{"line":210,"column":8},"end":{"line":210,"column":8}},{"start":{"line":210,"column":8},"end":{"line":210,"column":8}}]},"38":{"line":211,"type":"if","locations":[{"start":{"line":211,"column":8},"end":{"line":211,"column":8}},{"start":{"line":211,"column":8},"end":{"line":211,"column":8}}]},"39":{"line":212,"type":"if","locations":[{"start":{"line":212,"column":8},"end":{"line":212,"column":8}},{"start":{"line":212,"column":8},"end":{"line":212,"column":8}}]},"40":{"line":224,"type":"if","locations":[{"start":{"line":224,"column":66},"end":{"line":224,"column":66}},{"start":{"line":224,"column":66},"end":{"line":224,"column":66}}]},"41":{"line":224,"type":"if","locations":[{"start":{"line":224,"column":79},"end":{"line":224,"column":79}},{"start":{"line":224,"column":79},"end":{"line":224,"column":79}}]},"42":{"line":225,"type":"if","locations":[{"start":{"line":225,"column":8},"end":{"line":225,"column":8}},{"start":{"line":225,"column":8},"end":{"line":225,"column":8}}]},"43":{"line":226,"type":"if","locations":[{"start":{"line":226,"column":8},"end":{"line":226,"column":8}},{"start":{"line":226,"column":8},"end":{"line":226,"column":8}}]},"44":{"line":229,"type":"if","locations":[{"start":{"line":229,"column":8},"end":{"line":229,"column":8}},{"start":{"line":229,"column":8},"end":{"line":229,"column":8}}]},"45":{"line":230,"type":"if","locations":[{"start":{"line":230,"column":8},"end":{"line":230,"column":8}},{"start":{"line":230,"column":8},"end":{"line":230,"column":8}}]},"46":{"line":240,"type":"if","locations":[{"start":{"line":240,"column":46},"end":{"line":240,"column":46}},{"start":{"line":240,"column":46},"end":{"line":240,"column":46}}]},"47":{"line":240,"type":"if","locations":[{"start":{"line":240,"column":59},"end":{"line":240,"column":59}},{"start":{"line":240,"column":59},"end":{"line":240,"column":59}}]},"48":{"line":241,"type":"if","locations":[{"start":{"line":241,"column":8},"end":{"line":241,"column":8}},{"start":{"line":241,"column":8},"end":{"line":241,"column":8}}]},"49":{"line":246,"type":"if","locations":[{"start":{"line":246,"column":47},"end":{"line":246,"column":47}},{"start":{"line":246,"column":47},"end":{"line":246,"column":47}}]},"50":{"line":246,"type":"if","locations":[{"start":{"line":246,"column":60},"end":{"line":246,"column":60}},{"start":{"line":246,"column":60},"end":{"line":246,"column":60}}]},"51":{"line":248,"type":"if","locations":[{"start":{"line":248,"column":8},"end":{"line":248,"column":8}},{"start":{"line":248,"column":8},"end":{"line":248,"column":8}}]},"52":{"line":249,"type":"if","locations":[{"start":{"line":249,"column":8},"end":{"line":249,"column":8}},{"start":{"line":249,"column":8},"end":{"line":249,"column":8}}]},"53":{"line":253,"type":"if","locations":[{"start":{"line":253,"column":8},"end":{"line":253,"column":8}},{"start":{"line":253,"column":8},"end":{"line":253,"column":8}}]},"54":{"line":267,"type":"if","locations":[{"start":{"line":267,"column":75},"end":{"line":267,"column":75}},{"start":{"line":267,"column":75},"end":{"line":267,"column":75}}]},"55":{"line":268,"type":"if","locations":[{"start":{"line":268,"column":8},"end":{"line":268,"column":8}},{"start":{"line":268,"column":8},"end":{"line":268,"column":8}}]},"56":{"line":274,"type":"if","locations":[{"start":{"line":274,"column":8},"end":{"line":274,"column":8}},{"start":{"line":274,"column":8},"end":{"line":274,"column":8}}]},"57":{"line":276,"type":"if","locations":[{"start":{"line":276,"column":8},"end":{"line":276,"column":8}},{"start":{"line":276,"column":8},"end":{"line":276,"column":8}}]},"58":{"line":278,"type":"if","locations":[{"start":{"line":278,"column":12},"end":{"line":278,"column":12}},{"start":{"line":278,"column":12},"end":{"line":278,"column":12}}]}}},"contracts/SymbiosisToken.sol":{"l":{"43":60,"44":58,"48":35,"49":35,"50":35,"52":35,"53":35,"54":35,"55":35,"56":35,"57":35,"59":35,"60":35,"65":1,"69":1,"73":1,"80":23,"81":23,"82":7,"83":7,"85":3,"86":3,"89":19,"90":19,"99":19,"100":19,"102":19,"103":19,"107":16,"108":15,"109":15,"110":14,"111":13,"113":12,"114":12,"116":12,"120":16,"121":15,"122":15,"123":14,"124":13,"126":12,"129":12,"131":12,"132":9,"133":9,"135":1,"137":1,"139":0,"140":0,"141":0,"143":0,"144":0,"145":0,"147":1,"150":11,"154":4,"157":3,"158":3,"159":3,"160":3,"162":3,"163":3,"164":3,"169":1,"170":1,"171":1,"172":1,"177":75,"178":2,"180":74,"184":41,"185":0,"187":41},"path":"/app/applet/contracts/SymbiosisToken.sol","s":{"1":60,"2":35,"3":35,"4":35,"5":35,"6":35,"7":35,"8":35,"9":35,"10":1,"11":1,"12":23,"13":23,"14":7,"15":7,"16":16,"17":3,"18":3,"19":19,"20":19,"21":19,"22":19,"23":19,"24":16,"25":15,"26":15,"27":14,"28":13,"29":12,"30":16,"31":15,"32":15,"33":14,"34":13,"35":12,"36":12,"37":9,"38":3,"39":2,"40":1,"41":0,"42":0,"43":1,"44":0,"45":0,"46":1,"47":11,"48":4,"49":3,"50":3,"51":3,"52":3,"53":3,"54":3,"55":3,"56":1,"57":1,"58":1,"59":1,"60":75,"61":2,"62":74,"63":41,"64":0,"65":41},"b":{"1":[58,2],"2":[1,0],"3":[1,0],"4":[1,0],"5":[23,1],"6":[23,0],"7":[7,16],"8":[6,1],"9":[3,13],"10":[0,3],"11":[16,0],"12":[16,0],"13":[15,1],"14":[14,1],"15":[13,1],"16":[12,1],"17":[16,1],"18":[16,0],"19":[15,1],"20":[14,1],"21":[13,1],"22":[12,1],"23":[9,3],"24":[1,2],"25":[1,1],"26":[0,1],"27":[0,0],"28":[0,1],"29":[0,0],"30":[4,0],"31":[3,1],"32":[1,2],"33":[0,3],"34":[3,0],"35":[1,0],"36":[1,0],"37":[1,0],"38":[2,73],"39":[1,1],"40":[1,0],"41":[0,41],"42":[0,0],"43":[0,0],"44":[0,0]},"f":{"1":60,"2":35,"3":1,"4":1,"5":1,"6":23,"7":16,"8":16,"9":4,"10":1,"11":75,"12":41},"fnMap":{"1":{"name":"onlyGovernor","line":42,"loc":{"start":{"line":42,"column":4},"end":{"line":45,"column":4}}},"2":{"name":"constructor","line":47,"loc":{"start":{"line":47,"column":4},"end":{"line":61,"column":4}}},"3":{"name":"pause","line":64,"loc":{"start":{"line":64,"column":4},"end":{"line":66,"column":4}}},"4":{"name":"unpause","line":68,"loc":{"start":{"line":68,"column":4},"end":{"line":70,"column":4}}},"5":{"name":"setWhitelistedContract","line":72,"loc":{"start":{"line":72,"column":4},"end":{"line":74,"column":4}}},"6":{"name":"proposeAction","line":79,"loc":{"start":{"line":76,"column":4},"end":{"line":104,"column":4}}},"7":{"name":"voteProposal","line":106,"loc":{"start":{"line":106,"column":4},"end":{"line":117,"column":4}}},"8":{"name":"executeProposal","line":119,"loc":{"start":{"line":119,"column":4},"end":{"line":151,"column":4}}},"9":{"name":"recycleGas","line":153,"loc":{"start":{"line":153,"column":4},"end":{"line":165,"column":4}}},"10":{"name":"claimValidatorRewards","line":168,"loc":{"start":{"line":168,"column":4},"end":{"line":173,"column":4}}},"11":{"name":"transfer","line":176,"loc":{"start":{"line":176,"column":4},"end":{"line":181,"column":4}}},"12":{"name":"transferFrom","line":183,"loc":{"start":{"line":183,"column":4},"end":{"line":188,"column":4}}}},"statementMap":{"1":{"start":{"line":43,"column":8},"end":{"line":43,"column":78}},"2":{"start":{"line":48,"column":8},"end":{"line":48,"column":33}},"3":{"start":{"line":49,"column":8},"end":{"line":49,"column":65}},"4":{"start":{"line":50,"column":8},"end":{"line":50,"column":65}},"5":{"start":{"line":52,"column":8},"end":{"line":52,"column":27}},"6":{"start":{"line":53,"column":8},"end":{"line":53,"column":27}},"7":{"start":{"line":54,"column":8},"end":{"line":54,"column":27}},"8":{"start":{"line":59,"column":8},"end":{"line":59,"column":47}},"9":{"start":{"line":60,"column":8},"end":{"line":60,"column":50}},"10":{"start":{"line":65,"column":8},"end":{"line":65,"column":15}},"11":{"start":{"line":69,"column":8},"end":{"line":69,"column":17}},"12":{"start":{"line":80,"column":8},"end":{"line":80,"column":57}},"13":{"start":{"line":81,"column":8},"end":{"line":81,"column":2903}},"14":{"start":{"line":82,"column":12},"end":{"line":82,"column":53}},"15":{"start":{"line":83,"column":12},"end":{"line":83,"column":65}},"16":{"start":{"line":84,"column":15},"end":{"line":84,"column":3103}},"17":{"start":{"line":85,"column":12},"end":{"line":85,"column":53}},"18":{"start":{"line":86,"column":12},"end":{"line":86,"column":90}},"19":{"start":{"line":89,"column":8},"end":{"line":89,"column":53}},"20":{"start":{"line":90,"column":8},"end":{"line":90,"column":3383}},"21":{"start":{"line":99,"column":8},"end":{"line":99,"column":49}},"22":{"start":{"line":102,"column":8},"end":{"line":102,"column":65}},"23":{"start":{"line":103,"column":8},"end":{"line":103,"column":25}},"24":{"start":{"line":107,"column":8},"end":{"line":107,"column":68}},"25":{"start":{"line":108,"column":8},"end":{"line":108,"column":53}},"26":{"start":{"line":109,"column":8},"end":{"line":109,"column":59}},"27":{"start":{"line":110,"column":8},"end":{"line":110,"column":69}},"28":{"start":{"line":111,"column":8},"end":{"line":111,"column":83}},"29":{"start":{"line":116,"column":8},"end":{"line":116,"column":65}},"30":{"start":{"line":120,"column":8},"end":{"line":120,"column":68}},"31":{"start":{"line":121,"column":8},"end":{"line":121,"column":53}},"32":{"start":{"line":122,"column":8},"end":{"line":122,"column":59}},"33":{"start":{"line":123,"column":8},"end":{"line":123,"column":77}},"34":{"start":{"line":124,"column":8},"end":{"line":124,"column":88}},"35":{"start":{"line":129,"column":8},"end":{"line":129,"column":62}},"36":{"start":{"line":131,"column":8},"end":{"line":131,"column":5018}},"37":{"start":{"line":133,"column":12},"end":{"line":133,"column":61}},"38":{"start":{"line":134,"column":15},"end":{"line":134,"column":5210}},"39":{"start":{"line":136,"column":15},"end":{"line":136,"column":5340}},"40":{"start":{"line":138,"column":15},"end":{"line":138,"column":5489}},"41":{"start":{"line":139,"column":12},"end":{"line":139,"column":65}},"42":{"start":{"line":140,"column":12},"end":{"line":140,"column":65}},"43":{"start":{"line":142,"column":15},"end":{"line":142,"column":5741}},"44":{"start":{"line":143,"column":12},"end":{"line":143,"column":65}},"45":{"start":{"line":144,"column":12},"end":{"line":144,"column":90}},"46":{"start":{"line":147,"column":12},"end":{"line":147,"column":40}},"47":{"start":{"line":150,"column":8},"end":{"line":150,"column":78}},"48":{"start":{"line":154,"column":8},"end":{"line":154,"column":96}},"49":{"start":{"line":157,"column":8},"end":{"line":157,"column":73}},"50":{"start":{"line":158,"column":8},"end":{"line":158,"column":76}},"51":{"start":{"line":159,"column":8},"end":{"line":159,"column":43}},"52":{"start":{"line":160,"column":8},"end":{"line":160,"column":62}},"53":{"start":{"line":162,"column":8},"end":{"line":162,"column":103}},"54":{"start":{"line":163,"column":8},"end":{"line":163,"column":56}},"55":{"start":{"line":164,"column":8},"end":{"line":164,"column":49}},"56":{"start":{"line":169,"column":8},"end":{"line":169,"column":92}},"57":{"start":{"line":170,"column":8},"end":{"line":170,"column":80}},"58":{"start":{"line":171,"column":8},"end":{"line":171,"column":56}},"59":{"start":{"line":172,"column":8},"end":{"line":172,"column":52}},"60":{"start":{"line":177,"column":8},"end":{"line":177,"column":7553}},"61":{"start":{"line":178,"column":12},"end":{"line":178,"column":108}},"62":{"start":{"line":180,"column":8},"end":{"line":180,"column":40}},"63":{"start":{"line":184,"column":8},"end":{"line":184,"column":7847}},"64":{"start":{"line":185,"column":12},"end":{"line":185,"column":138}},"65":{"start":{"line":187,"column":8},"end":{"line":187,"column":50}}},"branchMap":{"1":{"line":43,"type":"if","locations":[{"start":{"line":43,"column":8},"end":{"line":43,"column":8}},{"start":{"line":43,"column":8},"end":{"line":43,"column":8}}]},"2":{"line":64,"type":"if","locations":[{"start":{"line":64,"column":30},"end":{"line":64,"column":30}},{"start":{"line":64,"column":30},"end":{"line":64,"column":30}}]},"3":{"line":68,"type":"if","locations":[{"start":{"line":68,"column":32},"end":{"line":68,"column":32}},{"start":{"line":68,"column":32},"end":{"line":68,"column":32}}]},"4":{"line":72,"type":"if","locations":[{"start":{"line":72,"column":80},"end":{"line":72,"column":80}},{"start":{"line":72,"column":80},"end":{"line":72,"column":80}}]},"5":{"line":79,"type":"if","locations":[{"start":{"line":79,"column":15},"end":{"line":79,"column":15}},{"start":{"line":79,"column":15},"end":{"line":79,"column":15}}]},"6":{"line":79,"type":"if","locations":[{"start":{"line":79,"column":28},"end":{"line":79,"column":28}},{"start":{"line":79,"column":28},"end":{"line":79,"column":28}}]},"7":{"line":81,"type":"if","locations":[{"start":{"line":81,"column":8},"end":{"line":81,"column":8}},{"start":{"line":81,"column":8},"end":{"line":81,"column":8}}]},"8":{"line":83,"type":"if","locations":[{"start":{"line":83,"column":12},"end":{"line":83,"column":12}},{"start":{"line":83,"column":12},"end":{"line":83,"column":12}}]},"9":{"line":84,"type":"if","locations":[{"start":{"line":84,"column":15},"end":{"line":84,"column":15}},{"start":{"line":84,"column":15},"end":{"line":84,"column":15}}]},"10":{"line":86,"type":"if","locations":[{"start":{"line":86,"column":12},"end":{"line":86,"column":12}},{"start":{"line":86,"column":12},"end":{"line":86,"column":12}}]},"11":{"line":106,"type":"if","locations":[{"start":{"line":106,"column":55},"end":{"line":106,"column":55}},{"start":{"line":106,"column":55},"end":{"line":106,"column":55}}]},"12":{"line":106,"type":"if","locations":[{"start":{"line":106,"column":68},"end":{"line":106,"column":68}},{"start":{"line":106,"column":68},"end":{"line":106,"column":68}}]},"13":{"line":107,"type":"if","locations":[{"start":{"line":107,"column":8},"end":{"line":107,"column":8}},{"start":{"line":107,"column":8},"end":{"line":107,"column":8}}]},"14":{"line":109,"type":"if","locations":[{"start":{"line":109,"column":8},"end":{"line":109,"column":8}},{"start":{"line":109,"column":8},"end":{"line":109,"column":8}}]},"15":{"line":110,"type":"if","locations":[{"start":{"line":110,"column":8},"end":{"line":110,"column":8}},{"start":{"line":110,"column":8},"end":{"line":110,"column":8}}]},"16":{"line":111,"type":"if","locations":[{"start":{"line":111,"column":8},"end":{"line":111,"column":8}},{"start":{"line":111,"column":8},"end":{"line":111,"column":8}}]},"17":{"line":119,"type":"if","locations":[{"start":{"line":119,"column":58},"end":{"line":119,"column":58}},{"start":{"line":119,"column":58},"end":{"line":119,"column":58}}]},"18":{"line":119,"type":"if","locations":[{"start":{"line":119,"column":71},"end":{"line":119,"column":71}},{"start":{"line":119,"column":71},"end":{"line":119,"column":71}}]},"19":{"line":120,"type":"if","locations":[{"start":{"line":120,"column":8},"end":{"line":120,"column":8}},{"start":{"line":120,"column":8},"end":{"line":120,"column":8}}]},"20":{"line":122,"type":"if","locations":[{"start":{"line":122,"column":8},"end":{"line":122,"column":8}},{"start":{"line":122,"column":8},"end":{"line":122,"column":8}}]},"21":{"line":123,"type":"if","locations":[{"start":{"line":123,"column":8},"end":{"line":123,"column":8}},{"start":{"line":123,"column":8},"end":{"line":123,"column":8}}]},"22":{"line":124,"type":"if","locations":[{"start":{"line":124,"column":8},"end":{"line":124,"column":8}},{"start":{"line":124,"column":8},"end":{"line":124,"column":8}}]},"23":{"line":131,"type":"if","locations":[{"start":{"line":131,"column":8},"end":{"line":131,"column":8}},{"start":{"line":131,"column":8},"end":{"line":131,"column":8}}]},"24":{"line":134,"type":"if","locations":[{"start":{"line":134,"column":15},"end":{"line":134,"column":15}},{"start":{"line":134,"column":15},"end":{"line":134,"column":15}}]},"25":{"line":136,"type":"if","locations":[{"start":{"line":136,"column":15},"end":{"line":136,"column":15}},{"start":{"line":136,"column":15},"end":{"line":136,"column":15}}]},"26":{"line":138,"type":"if","locations":[{"start":{"line":138,"column":15},"end":{"line":138,"column":15}},{"start":{"line":138,"column":15},"end":{"line":138,"column":15}}]},"27":{"line":140,"type":"if","locations":[{"start":{"line":140,"column":12},"end":{"line":140,"column":12}},{"start":{"line":140,"column":12},"end":{"line":140,"column":12}}]},"28":{"line":142,"type":"if","locations":[{"start":{"line":142,"column":15},"end":{"line":142,"column":15}},{"start":{"line":142,"column":15},"end":{"line":142,"column":15}}]},"29":{"line":144,"type":"if","locations":[{"start":{"line":144,"column":12},"end":{"line":144,"column":12}},{"start":{"line":144,"column":12},"end":{"line":144,"column":12}}]},"30":{"line":153,"type":"if","locations":[{"start":{"line":153,"column":69},"end":{"line":153,"column":69}},{"start":{"line":153,"column":69},"end":{"line":153,"column":69}}]},"31":{"line":154,"type":"if","locations":[{"start":{"line":154,"column":8},"end":{"line":154,"column":8}},{"start":{"line":154,"column":8},"end":{"line":154,"column":8}}]},"32":{"line":157,"type":"if","locations":[{"start":{"line":157,"column":46},"end":{"line":157,"column":58}},{"start":{"line":157,"column":62},"end":{"line":157,"column":72}}]},"33":{"line":160,"type":"if","locations":[{"start":{"line":160,"column":8},"end":{"line":160,"column":8}},{"start":{"line":160,"column":8},"end":{"line":160,"column":8}}]},"34":{"line":162,"type":"if","locations":[{"start":{"line":162,"column":8},"end":{"line":162,"column":8}},{"start":{"line":162,"column":8},"end":{"line":162,"column":8}}]},"35":{"line":168,"type":"if","locations":[{"start":{"line":168,"column":85},"end":{"line":168,"column":85}},{"start":{"line":168,"column":85},"end":{"line":168,"column":85}}]},"36":{"line":169,"type":"if","locations":[{"start":{"line":169,"column":8},"end":{"line":169,"column":8}},{"start":{"line":169,"column":8},"end":{"line":169,"column":8}}]},"37":{"line":170,"type":"if","locations":[{"start":{"line":170,"column":8},"end":{"line":170,"column":8}},{"start":{"line":170,"column":8},"end":{"line":170,"column":8}}]},"38":{"line":177,"type":"if","locations":[{"start":{"line":177,"column":8},"end":{"line":177,"column":8}},{"start":{"line":177,"column":8},"end":{"line":177,"column":8}}]},"39":{"line":178,"type":"if","locations":[{"start":{"line":178,"column":12},"end":{"line":178,"column":12}},{"start":{"line":178,"column":12},"end":{"line":178,"column":12}}]},"40":{"line":178,"type":"cond-expr","locations":[{"start":{"line":178,"column":20},"end":{"line":178,"column":51}},{"start":{"line":178,"column":56},"end":{"line":178,"column":79}}]},"41":{"line":184,"type":"if","locations":[{"start":{"line":184,"column":8},"end":{"line":184,"column":8}},{"start":{"line":184,"column":8},"end":{"line":184,"column":8}}]},"42":{"line":185,"type":"if","locations":[{"start":{"line":185,"column":12},"end":{"line":185,"column":12}},{"start":{"line":185,"column":12},"end":{"line":185,"column":12}}]},"43":{"line":185,"type":"cond-expr","locations":[{"start":{"line":185,"column":20},"end":{"line":185,"column":51}},{"start":{"line":185,"column":56},"end":{"line":185,"column":79}}]},"44":{"line":185,"type":"cond-expr","locations":[{"start":{"line":185,"column":20},"end":{"line":185,"column":79}},{"start":{"line":185,"column":84},"end":{"line":185,"column":109}}]}}},"contracts/ZkProverRegistry.sol":{"l":{"22":3,"23":2,"27":3,"28":2,"32":5,"33":5,"35":5,"36":5,"40":1,"41":1,"42":1,"46":1,"47":1,"62":2,"63":2,"65":2,"66":2,"68":2,"71":2,"73":2,"76":0,"79":2,"81":2,"82":2,"85":2,"86":1,"93":2},"path":"/app/applet/contracts/ZkProverRegistry.sol","s":{"1":3,"2":3,"3":5,"4":5,"5":1,"6":1,"7":1,"8":2,"9":2,"10":2,"11":2,"12":2,"13":2,"14":2,"15":2,"16":2,"17":1,"18":2},"b":{"1":[2,1],"2":[2,1],"3":[5,0],"4":[1,0],"5":[1,0],"6":[1,1],"7":[2,1],"8":[2,0],"9":[2,0],"10":[2,0],"11":[2,0],"12":[2,0],"13":[1,1]},"f":{"1":3,"2":3,"3":5,"4":1,"5":1,"6":2},"fnMap":{"1":{"name":"onlyGovernor","line":21,"loc":{"start":{"line":21,"column":4},"end":{"line":24,"column":4}}},"2":{"name":"onlyAuthorizedProver","line":26,"loc":{"start":{"line":26,"column":4},"end":{"line":29,"column":4}}},"3":{"name":"constructor","line":31,"loc":{"start":{"line":31,"column":4},"end":{"line":37,"column":4}}},"4":{"name":"setConsensusRegistry","line":39,"loc":{"start":{"line":39,"column":4},"end":{"line":43,"column":4}}},"5":{"name":"setProverStatus","line":45,"loc":{"start":{"line":45,"column":4},"end":{"line":48,"column":4}}},"6":{"name":"submitAndVerifyProof","line":61,"loc":{"start":{"line":56,"column":4},"end":{"line":94,"column":4}}}},"statementMap":{"1":{"start":{"line":22,"column":8},"end":{"line":22,"column":87}},"2":{"start":{"line":27,"column":8},"end":{"line":27,"column":86}},"3":{"start":{"line":32,"column":8},"end":{"line":32,"column":64}},"4":{"start":{"line":36,"column":8},"end":{"line":36,"column":50}},"5":{"start":{"line":40,"column":8},"end":{"line":40,"column":70}},"6":{"start":{"line":42,"column":8},"end":{"line":42,"column":63}},"7":{"start":{"line":47,"column":8},"end":{"line":47,"column":48}},"8":{"start":{"line":62,"column":8},"end":{"line":62,"column":72}},"9":{"start":{"line":63,"column":8},"end":{"line":63,"column":55}},"10":{"start":{"line":65,"column":8},"end":{"line":65,"column":97}},"11":{"start":{"line":66,"column":8},"end":{"line":66,"column":68}},"12":{"start":{"line":68,"column":8},"end":{"line":68,"column":28}},"13":{"start":{"line":71,"column":8},"end":{"line":71,"column":2982}},"14":{"start":{"line":79,"column":8},"end":{"line":79,"column":78}},"15":{"start":{"line":82,"column":8},"end":{"line":82,"column":66}},"16":{"start":{"line":85,"column":8},"end":{"line":85,"column":3626}},"17":{"start":{"line":86,"column":12},"end":{"line":86,"column":3681}},"18":{"start":{"line":93,"column":8},"end":{"line":93,"column":19}}},"branchMap":{"1":{"line":22,"type":"if","locations":[{"start":{"line":22,"column":8},"end":{"line":22,"column":8}},{"start":{"line":22,"column":8},"end":{"line":22,"column":8}}]},"2":{"line":27,"type":"if","locations":[{"start":{"line":27,"column":8},"end":{"line":27,"column":8}},{"start":{"line":27,"column":8},"end":{"line":27,"column":8}}]},"3":{"line":32,"type":"if","locations":[{"start":{"line":32,"column":8},"end":{"line":32,"column":8}},{"start":{"line":32,"column":8},"end":{"line":32,"column":8}}]},"4":{"line":39,"type":"if","locations":[{"start":{"line":39,"column":77},"end":{"line":39,"column":77}},{"start":{"line":39,"column":77},"end":{"line":39,"column":77}}]},"5":{"line":40,"type":"if","locations":[{"start":{"line":40,"column":8},"end":{"line":40,"column":8}},{"start":{"line":40,"column":8},"end":{"line":40,"column":8}}]},"6":{"line":45,"type":"if","locations":[{"start":{"line":45,"column":67},"end":{"line":45,"column":67}},{"start":{"line":45,"column":67},"end":{"line":45,"column":67}}]},"7":{"line":61,"type":"if","locations":[{"start":{"line":61,"column":15},"end":{"line":61,"column":15}},{"start":{"line":61,"column":15},"end":{"line":61,"column":15}}]},"8":{"line":62,"type":"if","locations":[{"start":{"line":62,"column":8},"end":{"line":62,"column":8}},{"start":{"line":62,"column":8},"end":{"line":62,"column":8}}]},"9":{"line":63,"type":"if","locations":[{"start":{"line":63,"column":8},"end":{"line":63,"column":8}},{"start":{"line":63,"column":8},"end":{"line":63,"column":8}}]},"10":{"line":66,"type":"if","locations":[{"start":{"line":66,"column":8},"end":{"line":66,"column":8}},{"start":{"line":66,"column":8},"end":{"line":66,"column":8}}]},"11":{"line":71,"type":"if","locations":[{"start":{"line":71,"column":8},"end":{"line":71,"column":8}},{"start":{"line":71,"column":8},"end":{"line":71,"column":8}}]},"12":{"line":79,"type":"if","locations":[{"start":{"line":79,"column":8},"end":{"line":79,"column":8}},{"start":{"line":79,"column":8},"end":{"line":79,"column":8}}]},"13":{"line":85,"type":"if","locations":[{"start":{"line":85,"column":8},"end":{"line":85,"column":8}},{"start":{"line":85,"column":8},"end":{"line":85,"column":8}}]}}}}